[debug] [2023-08-23T13:42:00.490Z] ----------------------------------------------------------------------
[debug] [2023-08-23T13:42:00.493Z] Command:       /usr/bin/node-18 /usr/local/bin/firebase init
[debug] [2023-08-23T13:42:00.494Z] CLI Version:   12.5.0
[debug] [2023-08-23T13:42:00.495Z] Platform:      linux
[debug] [2023-08-23T13:42:00.495Z] Node Version:  v18.17.1
[debug] [2023-08-23T13:42:00.495Z] Time:          Wed Aug 23 2023 19:12:00 GMT+0530 (India Standard Time)
[debug] [2023-08-23T13:42:00.495Z] ----------------------------------------------------------------------
[debug] 
[debug] [2023-08-23T13:42:00.503Z] > command requires scopes: ["email","openid","https://www.googleapis.com/auth/cloudplatformprojects.readonly","https://www.googleapis.com/auth/firebase","https://www.googleapis.com/auth/cloud-platform"]
[debug] [2023-08-23T13:42:00.504Z] > authorizing via signed-in user (ayush.6678@gmail.com)
[info] 
     ######## #### ########  ######## ########     ###     ######  ########
     ##        ##  ##     ## ##       ##     ##  ##   ##  ##       ##
     ######    ##  ########  ######   ########  #########  ######  ######
     ##        ##  ##    ##  ##       ##     ## ##     ##       ## ##
     ##       #### ##     ## ######## ########  ##     ##  ######  ########

You're about to initialize a Firebase project in this directory:

  /home/ayyushh/Desktop/music app/backend

[info] 
=== Project Setup
[info] 
[info] First, let's associate this project directory with a Firebase project.
[info] You can create multiple project aliases by running firebase use --add, 
[info] but for now we'll just set up a default project.
[info] 
[debug] [2023-08-23T13:42:45.042Z] >>> [apiv2][query] GET https://firebase.googleapis.com/v1beta1/projects pageSize=100
[debug] [2023-08-23T13:42:46.630Z] <<< [apiv2][status] GET https://firebase.googleapis.com/v1beta1/projects 200
[debug] [2023-08-23T13:42:46.631Z] <<< [apiv2][body] GET https://firebase.googleapis.com/v1beta1/projects [omitted]
[info] i  Using project harmony-2ed98 (harmony) 
[info] 
=== Hosting Setup
[info] 
[info] Your public directory is the folder (relative to your project directory) that
[info] will contain Hosting assets to be uploaded with firebase deploy. If you
[info] have a build process for your assets, use your build's output directory.
[info] 
